Log file open, 03/19/26 15:47:19
LogWindows: Enabling Tpause support
LogTrace: Initializing trace...
LogTrace: Finished trace initialization.
LogInit: Session CrashGUID >====================================================
         Session CrashGUID >   UECC-Windows-DC271203439F4AD3931AE5AC77467AC0
         Session CrashGUID >====================================================
LogConfig: No local boot hotfix file found at: [../../../../../../Users/Matteo.Vergari/Documents/GitHub/RTS_Assignment/RTSAssignment/Saved/PersistentDownloadDir/HotfixForNextBoot.txt]
LogPluginManager: Mounting Engine plugin PlatformCrypto
LogPluginManager: Mounting Engine plugin TcpMessaging
LogInit: ExecutableName: UnrealPak.exe
LogInit: Build: ++UE5+Release-5.7-CL-51494982
LogInit: Platform=WindowsEditor
LogInit: MachineId=6f3a5bea4a07805208267abf6961a1fc
LogInit: DeviceId=
LogInit: Engine Version: 5.7.4-51494982+++UE5+Release-5.7
LogInit: Compatible Engine Version: 5.7.0-47537391+++UE5+Release-5.7
LogInit: Net CL: 47537391
LogInit: OS: Windows 11 (24H2) [10.0.26100.6584] (), CPU: 13th Gen Intel(R) Core(TM) i5-13600KF, GPU: NVIDIA GeForce RTX 4060 Ti
LogInit: CPU Model ID: 6b71, microcode revision: 12f
LogInit: Compiled (64-bit): Mar  6 2026 12:57:15
LogInit: Architecture: x64
LogInit: Compiled with Visual C++: 19.44.35223.00
LogInit: Build Configuration: Development
LogInit: Branch Name: ++UE5+Release-5.7
LogInit: Command Line: -CreateGlobalContainer=C:\Users\Matteo.Vergari\Documents\GitHub\RTS_Assignment\RTSAssignment\Saved\StagedBuilds\Windows\RTSAssignment\Content\Paks\global.utoc -PackageStoreManifest=C:\Users\Matteo.Vergari\Documents\GitHub\RTS_Assignment\RTSAssignment\Saved\Cooked\Windows\RTSAssignment\Metadata\packagestore.manifest -CookedDirectory=C:\Users\Matteo.Vergari\Documents\GitHub\RTS_Assignment\RTSAssignment\Saved\Cooked\Windows -Commands="C:\Users\Matteo.Vergari\AppData\Roaming\Unreal Engine\AutomationTool\Logs\C+Program+Files+Epic+Games+UE_5.7\IoStoreCommands.txt" -ScriptObjects=C:\Users\Matteo.Vergari\Documents\GitHub\RTS_Assignment\RTSAssignment\Saved\Cooked\Windows\RTSAssignment\Metadata\scriptobjects.bin -patchpaddingalign=2048 -compressionformats=Oodle -compresslevel=4 -compressmethod=Kraken -cryptokeys=C:\Users\Matteo.Vergari\Documents\GitHub\RTS_Assignment\RTSAssignment\Saved\Cooked\Windows\RTSAssignment\Metadata\Crypto.json -compressionMinBytesSaved=1024 -compressionMinPercentSaved=5 -WriteBackMetadataToAssetRegistry=Disabled -platform=Windows -nopak
LogInit: Base Directory: C:/Program Files/Epic Games/UE_5.7/Engine/Binaries/Win64/
LogInit: Allocator: Mimalloc
LogInit: Installed Engine Build: 1
LogInit: This binary is optimized with LTO: no, PGO: no, instrumented for PGO data collection: no
LogDevObjectVersion: Number of dev versions registered: 35
LogDevObjectVersion:   Dev-Blueprints (B0D832E4-1F89-4F0D-ACCF-7EB736FD4AA2): 10
LogDevObjectVersion:   Dev-Build (E1C64328-A22C-4D53-A36C-8E866417BD8C): 0
LogDevObjectVersion:   Dev-Core (375EC13C-06E4-48FB-B500-84F0262A717E): 4
LogDevObjectVersion:   Dev-Editor (E4B068ED-F494-42E9-A231-DA0B2E46BB41): 40
LogDevObjectVersion:   Dev-Framework (CFFC743F-43B0-4480-9391-14DF171D2073): 37
LogDevObjectVersion:   Dev-Mobile (B02B49B5-BB20-44E9-A304-32B752E40360): 3
LogDevObjectVersion:   Dev-Networking (A4E4105C-59A1-49B5-A7C5-40C4547EDFEE): 0
LogDevObjectVersion:   Dev-Online (39C831C9-5AE6-47DC-9A44-9C173E1C8E7C): 0
LogDevObjectVersion:   Dev-Physics (78F01B33-EBEA-4F98-B9B4-84EACCB95AA2): 20
LogDevObjectVersion:   Dev-Platform (6631380F-2D4D-43E0-8009-CF276956A95A): 0
LogDevObjectVersion:   Dev-Rendering (12F88B9F-8875-4AFC-A67C-D90C383ABD29): 49
LogDevObjectVersion:   Dev-Sequencer (7B5AE74C-D270-4C10-A958-57980B212A5A): 13
LogDevObjectVersion:   Dev-VR (D7296918-1DD6-4BDD-9DE2-64A83CC13884): 3
LogDevObjectVersion:   Dev-LoadTimes (C2A15278-BFE7-4AFE-6C17-90FF531DF755): 1
LogDevObjectVersion:   Private-Geometry (6EACA3D4-40EC-4CC1-B786-8BED09428FC5): 3
LogDevObjectVersion:   Dev-AnimPhys (29E575DD-E0A3-4627-9D10-D276232CDCEA): 17
LogDevObjectVersion:   Dev-Anim (AF43A65D-7FD3-4947-9873-3E8ED9C1BB05): 15
LogDevObjectVersion:   Dev-ReflectionCapture (6B266CEC-1EC7-4B8F-A30B-E4D90942FC07): 1
LogDevObjectVersion:   Dev-Automation (0DF73D61-A23F-47EA-B727-89E90C41499A): 1
LogDevObjectVersion:   FortniteMain (601D1886-AC64-4F84-AA16-D3DE0DEAC7D6): 225
LogDevObjectVersion:   FortniteValkyrie (8DBC2C5B-54A7-43E0-A768-FCBB7DA29060): 8
LogDevObjectVersion:   FortniteSeason (5B4C06B7-2463-4AF8-805B-BF70CDF5D0DD): 15
LogDevObjectVersion:   FortniteRelease (E7086368-6B23-4C58-8439-1B7016265E91): 17
LogDevObjectVersion:   Dev-Enterprise (9DFFBCD6-494F-0158-E221-12823C92A888): 11
LogDevObjectVersion:   Dev-Niagara (F2AED0AC-9AFE-416F-8664-AA7FFA26D6FC): 1
LogDevObjectVersion:   Dev-Destruction (174F1F0B-B4C6-45A5-B13F-2EE8D0FB917D): 10
LogDevObjectVersion:   Dev-Physics-Ext (35F94A83-E258-406C-A318-09F59610247C): 41
LogDevObjectVersion:   Dev-PhysicsMaterial-Chaos (B68FC16E-8B1B-42E2-B453-215C058844FE): 1
LogDevObjectVersion:   Dev-CineCamera (B2E18506-4273-CFC2-A54E-F4BB758BBA07): 1
LogDevObjectVersion:   Dev-VirtualProduction (64F58936-FD1B-42BA-BA96-7289D5D0FA4E): 1
LogDevObjectVersion:   UE5-Main (697DD581-E64F-41AB-AA4A-51ECBEB7B628): 121
LogDevObjectVersion:   UE5-Release (D89B5E42-24BD-4D46-8412-ACA8DF641779): 61
LogDevObjectVersion:   UE5-SpecialProject (59DA5D52-1232-4948-B878-597870B8E98B): 9
LogDevObjectVersion:   Dev-MediaFramework (6F0ED827-A609-4895-9C91-998D90180EA4): 2
LogDevObjectVersion:   Dev-NaniteResearch (30D58BE3-95EA-4282-A6E3-B159D8EBB06A): 1
LogInit: Presizing for max 100000 objects, including 0 objects not considered by GC.
LogInit: Object subsystem initialized
LogConfig: Applying CVar settings from Section [Startup] File [../../../Engine/Config/ConsoleVariables.ini]
LogConfig: CVar [[r.DumpShaderDebugInfo:2]] deferred - dummy variable created
LogConfig: CVar [[p.chaos.AllowCreatePhysxBodies:1]] deferred - dummy variable created
LogConfig: CVar [[fx.SkipVectorVMBackendOptimizations:1]] deferred - dummy variable created
LogConfig: Applying CVar settings from Section [Startup_Windows] File [../../../Engine/Config/ConsoleVariables.ini]
LogConfig: Applying CVar settings from Section [ConsoleVariables] File [Engine]
LogConfig: Set CVar [[WindowsApplication.UseWorkerThreadForRawInput:0]]
[2026.03.19-14.47.19:956][  0]LogInit: Computer: FG23WAR0025
[2026.03.19-14.47.19:956][  0]LogInit: User: MatteoVergari
[2026.03.19-14.47.19:956][  0]LogInit: CPU Page size=4096, Cores=14
[2026.03.19-14.47.19:956][  0]LogInit: High frequency timer resolution =10.000000 MHz
[2026.03.19-14.47.19:956][  0]LogInit: Handheld Device: 0
[2026.03.19-14.47.19:956][  0]LogMemory: Process is running as part of a Windows Job with separate resource limits
[2026.03.19-14.47.19:956][  0]LogMemory: Memory total: Physical=15.8GB (16GB approx) Virtual=34.8GB
[2026.03.19-14.47.19:956][  0]LogMemory: Platform Memory Stats for WindowsEditor
[2026.03.19-14.47.19:956][  0]LogMemory: Process Physical Memory: 84.40 MB used, 84.40 MB peak
[2026.03.19-14.47.19:956][  0]LogMemory: Process Virtual Memory: 144.57 MB used, 144.57 MB peak
[2026.03.19-14.47.19:956][  0]LogMemory: Physical Memory: 12365.05 MB used,  3808.37 MB free, 16173.42 MB total
[2026.03.19-14.47.19:956][  0]LogMemory: Virtual Memory: 27386.59 MB used,  8223.62 MB free, 35610.21 MB total
[2026.03.19-14.47.19:961][  0]LogAssetRegistry: FAssetRegistry took 0.0001 seconds to start up
[2026.03.19-14.47.19:962][  0]LogUObjectArray: 620 objects as part of root set at end of initial load.
[2026.03.19-14.47.19:962][  0]LogUObjectArray: CloseDisregardForGC: 0/0 objects in disregard for GC pool
[2026.03.19-14.47.19:962][  0]LogInit: Using OS detected language ().
[2026.03.19-14.47.19:962][  0]LogInit: Using OS detected locale ().
[2026.03.19-14.47.19:963][  0]LogTextLocalizationManager: No localization for '' exists, so 'en' will be used for the language.
[2026.03.19-14.47.19:963][  0]LogTextLocalizationManager: No localization for '' exists, so 'en' will be used for the locale.
[2026.03.19-14.47.19:963][  0]LogInit: Using OS detected language ().
[2026.03.19-14.47.19:963][  0]LogInit: Using OS detected locale ().
[2026.03.19-14.47.19:963][  0]LogTextLocalizationManager: No localization for '' exists, so 'en' will be used for the language.
[2026.03.19-14.47.19:963][  0]LogTextLocalizationManager: No localization for '' exists, so 'en' will be used for the locale.
[2026.03.19-14.47.19:963][  0]LogPakFile: Display: ProjectDir: ../../../../../../Users/Matteo.Vergari/Documents/GitHub/RTS_Assignment/RTSAssignment/
[2026.03.19-14.47.19:964][  0]LogIoStore: Display: ==================== IoStore Utils ====================
[2026.03.19-14.47.19:965][  0]LogIoStore: Display: Parsing crypto keys from a crypto key cache file 'C:\Users\Matteo.Vergari\Documents\GitHub\RTS_Assignment\RTSAssignment\Saved\Cooked\Windows\RTSAssignment\Metadata\Crypto.json'
[2026.03.19-14.47.19:971][  0]LogIoStore: Display: Container signing - DISABLED
[2026.03.19-14.47.19:971][  0]LogIoStore: Display: Directory index - ENABLED
[2026.03.19-14.47.19:971][  0]LogIoStore: Display: Using compression format 'Oodle'
[2026.03.19-14.47.19:988][  0]LogConfig: Display: Read in platform Windows ini files took 0.02 seconds
[2026.03.19-14.47.19:988][  0]LogIoStore: Display: Using memory mapping alignment '16384'
[2026.03.19-14.47.19:988][  0]LogIoStore: Display: Using compression block size '65536'
[2026.03.19-14.47.19:988][  0]LogIoStore: Display: Using compression block alignment '2048'
[2026.03.19-14.47.19:988][  0]LogIoStore: Display: Using compression min bytes saved '1024'
[2026.03.19-14.47.19:988][  0]LogIoStore: Display: Using compression min percent saved '5'
[2026.03.19-14.47.19:988][  0]LogIoStore: Display: Using max partition size '0'
[2026.03.19-14.47.19:988][  0]LogIoStore: Display: Not using DDC for compression
[2026.03.19-14.47.19:988][  0]LogIoStore: Display: Using command list file: 'C:\Users\Matteo.Vergari\AppData\Roaming\Unreal Engine\AutomationTool\Logs\C+Program+Files+Epic+Games+UE_5.7\IoStoreCommands.txt'
[2026.03.19-14.47.20:003][  0]LogIoStore: Display: Selected Oodle level 4 (Normal) from command line for shaders
[2026.03.19-14.47.20:004][  0]LogIoStore: Display: Fetched 584 oplog items from Manifest in 0.00 seconds
[2026.03.19-14.47.20:006][  0]LogIoStore: Display: Parsed 584 oplog items 0.00 seconds, 769 chunks
[2026.03.19-14.47.20:009][  0]LogIoStore: Display: Using input asset registry: C:/Users/Matteo.Vergari/Documents/GitHub/RTS_Assignment/RTSAssignment/Saved/Cooked/Windows/RTSAssignment/Metadata/DevelopmentAssetRegistry.bin
[2026.03.19-14.47.20:013][  0]LogIoStore: Display: Loaded 193 chunk hashes from AssetRegistry in 0.01 seconds, 193 hashes updated in 0.00 seconds
[2026.03.19-14.47.20:014][  0]LogIoStore: Display: Searching for cooked assets in folder 'C:\Users\Matteo.Vergari\Documents\GitHub\RTS_Assignment\RTSAssignment\Saved\Cooked\Windows'
[2026.03.19-14.47.20:022][  0]LogIoStore: Display: Found '1353' files
[2026.03.19-14.47.20:028][  0]LogIoStore: Display: Creating container targets...
[2026.03.19-14.47.20:030][  0]OodleDataCompression: Display: Oodle v2.9.14 format for pak/iostore with method=Kraken, level=4=Normal
[2026.03.19-14.47.20:059][  0]LogIoStore: Display: Parsing packages...
[2026.03.19-14.47.20:059][  0]LogIoStore: Display: Reading package assets...
[2026.03.19-14.47.20:062][  0]LogIoStore: Display: Packages read 576 files in 0.00 seconds, 1,339,081 total bytes, 555,704,589 bytes per second
[2026.03.19-14.47.20:064][  0]LogIoStore: Display: Processing shader libraries, compressing with Oodle Mermaid, level 4 (Normal)
[2026.03.19-14.47.20:067][  0]LogShaderLibrary: Display: Created IoStoreShaderArchive header: shaders grouped in 195 groups (85 of them didn't need new indices), average uncompressed size 73272 bytes, min 490 bytes, max 962811 bytes (r.ShaderCodeLibrary.MaxShaderGroupSize=1048576)
[2026.03.19-14.47.20:082][  0]LogIoStore: Display: RTSAssignment-PCD3D_SM5(PCD3D_SM5): Recompressed 1275 shaders as 195 groups. Library size changed from 3766 KB (3.70 : 1 ratio) to 1602 KB (8.71 : 1 ratio), 42.55% of previous.
[2026.03.19-14.47.20:091][  0]LogShaderLibrary: Display: Created IoStoreShaderArchive header: shaders grouped in 226 groups (70 of them didn't need new indices), average uncompressed size 140045 bytes, min 2378 bytes, max 974961 bytes (r.ShaderCodeLibrary.MaxShaderGroupSize=1048576)
[2026.03.19-14.47.20:170][  0]LogIoStore: Display: RTSAssignment-PCD3D_SM6(PCD3D_SM6): Recompressed 2456 shaders as 226 groups. Library size changed from 23686 KB (1.30 : 1 ratio) to 15470 KB (2.00 : 1 ratio), 65.31% of previous.
[2026.03.19-14.47.20:177][  0]LogShaderLibrary: Display: Created IoStoreShaderArchive header: shaders grouped in 387 groups (139 of them didn't need new indices), average uncompressed size 175708 bytes, min 249 bytes, max 1040706 bytes (r.ShaderCodeLibrary.MaxShaderGroupSize=1048576)
[2026.03.19-14.47.20:235][  0]LogIoStore: Display: Global-PCD3D_SM5(PCD3D_SM5): Recompressed 4658 shaders as 387 groups. Library size changed from 16034 KB (4.14 : 1 ratio) to 7055 KB (9.41 : 1 ratio), 44.00% of previous.
[2026.03.19-14.47.20:309][  0]LogShaderLibrary: Display: Created IoStoreShaderArchive header: shaders grouped in 722 groups (186 of them didn't need new indices), average uncompressed size 383833 bytes, min 1249 bytes, max 1083990 bytes (r.ShaderCodeLibrary.MaxShaderGroupSize=1048576)
[2026.03.19-14.47.21:213][  0]LogIoStore: Display: Global-PCD3D_SM6(PCD3D_SM6): Recompressed 13090 shaders as 722 groups. Library size changed from 206016 KB (1.31 : 1 ratio) to 130508 KB (2.07 : 1 ratio), 63.35% of previous.
[2026.03.19-14.47.21:227][  0]LogIoStore: Display: Shaders processed in 1.16 seconds
[2026.03.19-14.47.21:228][  0]LogIoStore: Display: Initialized WriteRequestManager with MaxConcurrentSourceReads=10 (20 cores), MaxSourceBufferMemory=3072MiB
[2026.03.19-14.47.21:229][  0]LogIoStore: Display: Processing redirects...
[2026.03.19-14.47.21:229][  0]LogIoStore: Display: Creating disk layout...
[2026.03.19-14.47.21:229][  0]LogIoStore: Display: Ordered 576 packages using fallback bundle order
[2026.03.19-14.47.21:237][  0]LogIoStore: Display: Serializing container(s)...
[2026.03.19-14.47.21:557][  0]LogIoStore: Display: Writing and compressing took 0.27 seconds, writes to disk took 0.21 seconds for 319,924,864 bytes @ 1,538,629,211 bytes per second.
[2026.03.19-14.47.21:557][  0]LogIoStore: Display: global: Found perfect hashmap for 1 items.
[2026.03.19-14.47.21:557][  0]LogIoStore: Display: RTSAssignment-Windows: Found perfect hashmap for 2303 items.
[2026.03.19-14.47.21:561][  0]LogIoStore: Display: Finalize took 0.0 seconds for 2 writers to write 243,285 bytes, 69,183,849 bytes per second
[2026.03.19-14.47.21:561][  0]LogIoStore: Display: Writing tocs... [Physical: 991 MiB, Virtual: 3663 MiB]
[2026.03.19-14.47.21:561][  0]LogIoStore: Display: 193 / 2,304 hashes were loaded from the hash database, by type:
[2026.03.19-14.47.21:561][  0]LogIoStore: Display:     BulkData                   193
[2026.03.19-14.47.21:561][  0]LogIoStore: Display: 769 / 2,304 chunks attempted to compress, by type:
[2026.03.19-14.47.21:561][  0]LogIoStore: Display:     ExportBundleData           576 / 576
[2026.03.19-14.47.21:561][  0]LogIoStore: Display:     BulkData                   193 / 193
[2026.03.19-14.47.21:561][  0]LogIoStore: Display:     ScriptObjects              0 / 1
[2026.03.19-14.47.21:561][  0]LogIoStore: Display:     ContainerHeader            0 / 1
[2026.03.19-14.47.21:561][  0]LogIoStore: Display:     ShaderCodeLibrary          0 / 4
[2026.03.19-14.47.21:561][  0]LogIoStore: Display:     ShaderCode                 0 / 1,529
[2026.03.19-14.47.21:561][  0]LogIoStore: Display: Source bytes read:
[2026.03.19-14.47.21:561][  0]LogIoStore: Display:     Zen:                                  0
[2026.03.19-14.47.21:561][  0]LogIoStore: Display:     Loose File:                 423,443,888
[2026.03.19-14.47.21:561][  0]LogIoStore: Display:         ExportBundleData        369,825,962 bytes over 1,152 reads
[2026.03.19-14.47.21:561][  0]LogIoStore: Display:         BulkData                 53,617,926 bytes over 193 reads
[2026.03.19-14.47.21:561][  0]LogIoStore: Display:     Memory:                     318,397,740
[2026.03.19-14.47.21:561][  0]LogIoStore: Display:         ShaderCodeLibrary         1,701,776 bytes over 8 reads
[2026.03.19-14.47.21:561][  0]LogIoStore: Display:         ShaderCode              316,695,964 bytes over 3,058 reads
[2026.03.19-14.47.21:561][  0]LogIoStore: Display: Calculating stats...
[2026.03.19-14.47.21:561][  0]LogIoStore: Display: 
[2026.03.19-14.47.21:561][  0]LogIoStore: Display: Container Summary
[2026.03.19-14.47.21:561][  0]LogIoStore: Display: ==================
[2026.03.19-14.47.21:561][  0]LogIoStore: Display: 
[2026.03.19-14.47.21:561][  0]LogIoStore: Display: Container                                               Flags      Chunk(s) #       TOC (KiB)       Raw Size (MiB)           Size (MiB)
[2026.03.19-14.47.21:561][  0]LogIoStore: Display: ----------------------------------------------------------------------------------------------------------------------------------------------
[2026.03.19-14.47.21:561][  0]LogIoStore: Display: global                                              -/-/-/-/-               1            0.67                 2.51                 2.51 -
[2026.03.19-14.47.21:561][  0]LogIoStore: Display: RTSAssignment-Windows                               C/-/-/I/-            2303          236.91               381.93               302.60 (20.77% Oodle)
[2026.03.19-14.47.21:561][  0]LogIoStore: Display: ----------------------------------------------------------------------------------------------------------------------------------------------
[2026.03.19-14.47.21:561][  0]LogIoStore: Display: Total                                                                    2304          237.58               384.43               305.10
[2026.03.19-14.47.21:561][  0]LogIoStore: Display: 
[2026.03.19-14.47.21:561][  0]LogIoStore: Display: ** Flags: (C)ompressed / (E)ncrypted / (S)igned) / (I)ndexed) / (O)nDemand **
[2026.03.19-14.47.21:561][  0]LogIoStore: Display: 
[2026.03.19-14.47.21:561][  0]LogIoStore: Display: Compression block padding:     1.75 MiB
[2026.03.19-14.47.21:561][  0]LogIoStore: Display: 
[2026.03.19-14.47.21:561][  0]LogIoStore: Display: Container Directory Index
[2026.03.19-14.47.21:561][  0]LogIoStore: Display: ==========================
[2026.03.19-14.47.21:561][  0]LogIoStore: Display: 
[2026.03.19-14.47.21:561][  0]LogIoStore: Display: Container                                          Size (KiB)
[2026.03.19-14.47.21:561][  0]LogIoStore: Display: ----------------------------------------------------------------------------------------------------------------------------------------------
[2026.03.19-14.47.21:561][  0]LogIoStore: Display: global                                                   0.00
[2026.03.19-14.47.21:561][  0]LogIoStore: Display: RTSAssignment-Windows                                   37.08
[2026.03.19-14.47.21:561][  0]LogIoStore: Display: 
[2026.03.19-14.47.21:561][  0]LogIoStore: Display: Container Patch Report
[2026.03.19-14.47.21:561][  0]LogIoStore: Display: ========================
[2026.03.19-14.47.21:561][  0]LogIoStore: Display: 
[2026.03.19-14.47.21:561][  0]LogIoStore: Display: Container                                             Total #       Modified #          Added #   Modified (MiB)      Added (MiB)
[2026.03.19-14.47.21:561][  0]LogIoStore: Display: ----------------------------------------------------------------------------------------------------------------------------------------------
[2026.03.19-14.47.21:561][  0]LogIoStore: Display: global                                                      1                0                0             0.00             0.00
[2026.03.19-14.47.21:561][  0]LogIoStore: Display: RTSAssignment-Windows                                    2303                0             2303             0.00           300.85
[2026.03.19-14.47.21:561][  0]LogIoStore: Display: 
[2026.03.19-14.47.21:561][  0]LogIoStore: Display: PackageStore
[2026.03.19-14.47.21:561][  0]LogIoStore: Display: =============
[2026.03.19-14.47.21:561][  0]LogIoStore: Display: 
[2026.03.19-14.47.21:561][  0]LogIoStore: Display: Container                                          Size (KiB)      Packages #     Localized #
[2026.03.19-14.47.21:561][  0]LogIoStore: Display: ----------------------------------------------------------------------------------------------------------------------------------------------
[2026.03.19-14.47.21:561][  0]LogIoStore: Display: RTSAssignment-Windows                                      20             576               0
[2026.03.19-14.47.21:561][  0]LogIoStore: Display: ----------------------------------------------------------------------------------------------------------------------------------------------
[2026.03.19-14.47.21:561][  0]LogIoStore: Display: Total                                                      20             576               0
[2026.03.19-14.47.21:561][  0]LogIoStore: Display: 
[2026.03.19-14.47.21:561][  0]LogIoStore: Display: 
[2026.03.19-14.47.21:561][  0]LogIoStore: Display: Input:       576 Packages
[2026.03.19-14.47.21:561][  0]LogIoStore: Display: Input:    176.35 MiB UExp
[2026.03.19-14.47.21:561][  0]LogIoStore: Display: Input:      1.28 MiB UAsset
[2026.03.19-14.47.21:561][  0]LogIoStore: Display: Input:     51.13 MiB UBulk
[2026.03.19-14.47.21:561][  0]LogIoStore: Display: Input:    134.34 MiB for 1109 Global shaders
[2026.03.19-14.47.21:561][  0]LogIoStore: Display: Input:      2.03 MiB for 197 Shared shaders
[2026.03.19-14.47.21:561][  0]LogIoStore: Display: Input:         0   B for 0 Unique shaders
[2026.03.19-14.47.21:561][  0]LogIoStore: Display: Input:     14.64 MiB for 223 Inline shaders
[2026.03.19-14.47.21:561][  0]LogIoStore: Display: 
[2026.03.19-14.47.21:561][  0]LogIoStore: Display: Output:     6434 Name map entries
[2026.03.19-14.47.21:563][  0]LogIoStore: Display: Output:      609 Imported package entries
[2026.03.19-14.47.21:563][  0]LogIoStore: Display: Output:      312 Packages without imports
[2026.03.19-14.47.21:563][  0]LogIoStore: Display: Output:        0 Public runtime script objects
[2026.03.19-14.47.21:564][  0]LogIoStore: Display: Output:   872.21 KiB HeaderData
[2026.03.19-14.47.21:564][  0]LogIoStore: Display: Output:     2.51 MiB InitialLoadData
[2026.03.19-14.47.21:564][  0]LogIoStore: Display: 
[2026.03.19-14.47.21:564][  0]LogIoStore: Display: Success
[2026.03.19-14.47.21:565][  0]LogPakFile: Display: UnrealPak executed in 1.601941 seconds
[2026.03.19-14.47.21:572][  0]LogCore: Engine exit requested (reason: UnrealPak Exiting)
[2026.03.19-14.47.21:572][  0]LogExit: Preparing to exit.
[2026.03.19-14.47.21:573][  0]LogExit: Object subsystem successfully closed.
[2026.03.19-14.47.21:573][  0]LogPakFile: Destroying PakPlatformFile
[2026.03.19-14.47.21:574][  0]LogExit: Exiting.
[2026.03.19-14.47.21:583][  0]Log file closed, 03/19/26 15:47:21
